1 10 20
100 200 125
201 210 89
900 1000 174
10 1 20
97467 66601 351
573317 570492 372
298490 295499 327
103348 32172 351
741222 739299 393
66249 86990 351
40743 53144 340
14412 59479 340
110294 11017 354
110991 76376 354
97 424 144
22 293 128
61 269 128
45 90 116
86 93 106
71 249 128
59 102 119
69 212 125
62 212 125
82 170 125
472789 47462 449
586188 287032 470
256505 67973 443
330008 97997 443
562856 133630 470
39853 516668 470
545920 634490 452
483600 293431 449
190172 614192 470
480015 284342 449
4 999 179
999 9999 262
99 999 179
9999 99999 351
555555 555555 147
100 300 128
300 500 144
500 700 145
700 900 179
900 1100 174
3452 7654 262
1241 63677 340
457 25363 282
4336 7584 262
263 754 171
363 785 171
3456 9 217
235 7 128
63546 99 340
35463 5885 311
727188 727165 199
432865 432895 219
498232 498207 258
401702 401660 299
71355 71323 219
358224 358250 255
335919 335924 260
654398 654507 292
741302 741292 181
867599 867716 326
1 1 1
2 1 2
3 1 8
1 2 8
1 3 8
614 880 179
37 858 171
448 95 144
909 729 179
809 808 47
677 490 145
707 452 171
657 315 145
816 657 171
851 989 179
715 927 179
734 802 153
870 956 179
665 674 145
397 682 145
215 391 144
340 514 142
67 509 144
277 239 123
793 555 171
49 112 119
17 230 128
67 379 144
16 138 122
30 334 144
24 34 112
28 500 144
84 492 144
18 398 144
3 127 119
